<?xml version="1.0" encoding="UTF-8"?>
<!-- Generated by org.testng.reporters.JUnitReportReporter -->
<testsuite hostname="IQZNGLDT007" failures="0" tests="5" name="Own_Pack.Pega_Login_Invalid" time="23.974" errors="0" timestamp="2021-11-24T21:54:51 IST" skipped="0">
  <testcase classname="Own_Pack.Pega_Login_Invalid" name="Error_mess" time="5.173"/>
  <system-out/>
  <testcase classname="Own_Pack.Pega_Login_Invalid" name="enter_pswd" time="3.204"/>
  <system-out/>
  <testcase classname="Own_Pack.Pega_Login_Invalid" name="launch_app" time="8.587"/>
  <system-out/>
  <testcase classname="Own_Pack.Pega_Login_Invalid" name="clicklogin" time="3.850"/>
  <system-out/>
  <testcase classname="Own_Pack.Pega_Login_Invalid" name="enter_user" time="3.160"/>
  <system-out/>
</testsuite> <!-- Own_Pack.Pega_Login_Invalid -->
