<?xml version="1.0" encoding="UTF-8"?>
<!-- Generated by org.testng.reporters.JUnitReportReporter -->
<testsuite hostname="IQZNGLDT007" failures="0" tests="5" name="Own_Pack.Pega_Login" time="42.363" errors="0" timestamp="2021-11-24T21:54:51 IST" skipped="0">
  <testcase classname="Own_Pack.Pega_Login" name="clicklogin" time="23.267"/>
  <system-out/>
  <testcase classname="Own_Pack.Pega_Login" name="enter_user" time="3.109"/>
  <system-out/>
  <testcase classname="Own_Pack.Pega_Login" name="enter_pswd" time="3.147"/>
  <system-out/>
  <testcase classname="Own_Pack.Pega_Login" name="get_title" time="3.054"/>
  <system-out/>
  <testcase classname="Own_Pack.Pega_Login" name="launch_app" time="9.786"/>
  <system-out/>
</testsuite> <!-- Own_Pack.Pega_Login -->
