<?xml version="1.0" encoding="UTF-8"?>
<!-- Generated by org.testng.reporters.JUnitReportReporter -->
<testsuite hostname="IQZNGLDT007" failures="0" tests="3" name="Own_Pack.Cross_Withou_Pa" time="30.284" errors="0" timestamp="2021-11-21T00:20:08 IST" skipped="0">
  <testcase classname="Own_Pack.Cross_Withou_Pa" name="Firef" time="15.164"/>
  <system-out/>
  <testcase classname="Own_Pack.Cross_Withou_Pa" name="Chrome" time="7.916"/>
  <system-out/>
  <testcase classname="Own_Pack.Cross_Withou_Pa" name="edge" time="7.204"/>
  <system-out/>
</testsuite> <!-- Own_Pack.Cross_Withou_Pa -->
