<?xml version="1.0" encoding="UTF-8"?>
<!-- Generated by org.testng.reporters.JUnitReportReporter -->
<testsuite hostname="IQZNGLDT007" failures="0" tests="5" name="Own_Pack.Pega_Login_Implicit" time="92.226" errors="0" timestamp="2021-11-26T21:30:54 IST" skipped="0">
  <testcase classname="Own_Pack.Pega_Login_Implicit" name="get_title" time="0.014"/>
  <system-out/>
  <testcase classname="Own_Pack.Pega_Login_Implicit" name="launch_app" time="3.253"/>
  <system-out/>
  <testcase classname="Own_Pack.Pega_Login_Implicit" name="clicklogin" time="88.698"/>
  <system-out/>
  <testcase classname="Own_Pack.Pega_Login_Implicit" name="enter_user" time="0.140"/>
  <system-out/>
  <testcase classname="Own_Pack.Pega_Login_Implicit" name="enter_pswd" time="0.121"/>
  <system-out/>
</testsuite> <!-- Own_Pack.Pega_Login_Implicit -->
