<?xml version="1.0" encoding="UTF-8"?>
<!-- Generated by org.testng.reporters.JUnitReportReporter -->
<testsuite hostname="IQZNGLDT007" failures="0" tests="10" name="Own_Pack.Pega_Login_Twice_Para" time="56.533" errors="0" timestamp="2021-11-24T00:00:38 IST" skipped="0">
  <testcase classname="Own_Pack.Pega_Login_Twice_Para" name="enter_pswd" time="3.101"/>
  <system-out/>
  <testcase classname="Own_Pack.Pega_Login_Twice_Para" name="clicklogin" time="4.453"/>
  <system-out/>
  <testcase classname="Own_Pack.Pega_Login_Twice_Para" name="enter_user" time="3.104"/>
  <system-out/>
  <testcase classname="Own_Pack.Pega_Login_Twice_Para" name="clicklogin" time="23.368"/>
  <system-out/>
  <testcase classname="Own_Pack.Pega_Login_Twice_Para" name="launch_app" time="5.096"/>
  <system-out/>
  <testcase classname="Own_Pack.Pega_Login_Twice_Para" name="launch_app" time="5.025"/>
  <system-out/>
  <testcase classname="Own_Pack.Pega_Login_Twice_Para" name="get_title" time="3.051"/>
  <system-out/>
  <testcase classname="Own_Pack.Pega_Login_Twice_Para" name="enter_user" time="3.113"/>
  <system-out/>
  <testcase classname="Own_Pack.Pega_Login_Twice_Para" name="enter_pswd" time="3.091"/>
  <system-out/>
  <testcase classname="Own_Pack.Pega_Login_Twice_Para" name="get_title" time="3.131"/>
  <system-out/>
</testsuite> <!-- Own_Pack.Pega_Login_Twice_Para -->
