<?xml version="1.0" encoding="UTF-8"?>
<!-- Generated by org.testng.reporters.JUnitReportReporter -->
<testsuite hostname="IQZNGLDT007" failures="0" tests="5" name="Own_Pack.Pega_Login" time="98.531" errors="0" timestamp="2021-11-26T15:57:41 IST" skipped="0">
  <testcase classname="Own_Pack.Pega_Login" name="enter_user" time="3.251"/>
  <system-out/>
  <testcase classname="Own_Pack.Pega_Login" name="clicklogin" time="86.043"/>
  <system-out/>
  <testcase classname="Own_Pack.Pega_Login" name="enter_pswd" time="3.285"/>
  <system-out/>
  <testcase classname="Own_Pack.Pega_Login" name="launch_app" time="5.924"/>
  <system-out/>
  <testcase classname="Own_Pack.Pega_Login" name="get_title" time="0.028"/>
  <system-out/>
</testsuite> <!-- Own_Pack.Pega_Login -->
