<?xml version="1.0" encoding="UTF-8"?>
<!-- Generated by org.testng.reporters.JUnitReportReporter -->
<testsuite hostname="IQZNGLDT007" failures="0" tests="5" name="Own_Pack.Pega_Login" time="110.965" errors="0" timestamp="2021-11-24T20:40:33 IST" skipped="0">
  <testcase classname="Own_Pack.Pega_Login" name="enter_user" time="3.380"/>
  <system-out/>
  <testcase classname="Own_Pack.Pega_Login" name="clicklogin" time="83.644"/>
  <system-out/>
  <testcase classname="Own_Pack.Pega_Login" name="enter_pswd" time="3.118"/>
  <system-out/>
  <testcase classname="Own_Pack.Pega_Login" name="get_title" time="3.056"/>
  <system-out/>
  <testcase classname="Own_Pack.Pega_Login" name="launch_app" time="17.767"/>
  <system-out/>
</testsuite> <!-- Own_Pack.Pega_Login -->
