<?xml version="1.0" encoding="UTF-8"?>
<!-- Generated by org.testng.reporters.JUnitReportReporter -->
<testsuite hostname="IQZNGLDT007" failures="0" tests="8" name="Own_Pack.Free_Social" time="111.075" errors="0" timestamp="2021-12-07T00:27:27 IST" skipped="0">
  <testcase classname="Own_Pack.Free_Social" name="linkedin" time="2.115"/>
  <system-out/>
  <testcase classname="Own_Pack.Free_Social" name="medium" time="11.038"/>
  <system-out/>
  <testcase classname="Own_Pack.Free_Social" name="launch_app" time="4.423"/>
  <system-out/>
  <testcase classname="Own_Pack.Free_Social" name="telegram" time="2.634"/>
  <system-out/>
  <testcase classname="Own_Pack.Free_Social" name="github" time="2.238"/>
  <system-out/>
  <testcase classname="Own_Pack.Free_Social" name="youtube" time="22.565"/>
  <system-out/>
  <testcase classname="Own_Pack.Free_Social" name="twitter" time="16.215"/>
  <system-out/>
  <testcase classname="Own_Pack.Free_Social" name="facebook" time="49.847"/>
  <system-out/>
</testsuite> <!-- Own_Pack.Free_Social -->
