<?xml version="1.0" encoding="UTF-8"?>
<!-- Generated by org.testng.reporters.JUnitReportReporter -->
<testsuite hostname="IQZNGLDT007" failures="0" tests="5" name="Own_Pack.Pega_Login_Inva" time="23.113" errors="0" timestamp="2021-11-22T23:44:11 IST" skipped="0">
  <testcase classname="Own_Pack.Pega_Login_Inva" name="clicklogin" time="4.517"/>
  <system-out/>
  <testcase classname="Own_Pack.Pega_Login_Inva" name="launch_app" time="9.198"/>
  <system-out/>
  <testcase classname="Own_Pack.Pega_Login_Inva" name="enter_pswd" time="3.139"/>
  <system-out/>
  <testcase classname="Own_Pack.Pega_Login_Inva" name="Error_mess" time="3.133"/>
  <system-out/>
  <testcase classname="Own_Pack.Pega_Login_Inva" name="enter_user" time="3.126"/>
  <system-out/>
</testsuite> <!-- Own_Pack.Pega_Login_Inva -->
