<?xml version="1.0" encoding="UTF-8"?>
<!-- Generated by org.testng.reporters.JUnitReportReporter -->
<testsuite hostname="IQZNGLDT007" failures="0" tests="8" name="Own_Pack.Free_Social" time="87.819" errors="0" timestamp="2021-11-26T21:13:26 IST" skipped="0">
  <testcase classname="Own_Pack.Free_Social" name="facebook" time="31.591"/>
  <system-out/>
  <testcase classname="Own_Pack.Free_Social" name="medium" time="8.854"/>
  <system-out/>
  <testcase classname="Own_Pack.Free_Social" name="linkedin" time="9.965"/>
  <system-out/>
  <testcase classname="Own_Pack.Free_Social" name="youtube" time="11.631"/>
  <system-out/>
  <testcase classname="Own_Pack.Free_Social" name="launch_app" time="17.916"/>
  <system-out/>
  <testcase classname="Own_Pack.Free_Social" name="github" time="2.253"/>
  <system-out/>
  <testcase classname="Own_Pack.Free_Social" name="twitter" time="3.306"/>
  <system-out/>
  <testcase classname="Own_Pack.Free_Social" name="telegram" time="2.303"/>
  <system-out/>
</testsuite> <!-- Own_Pack.Free_Social -->
