<?xml version="1.0" encoding="UTF-8"?>
<!-- Generated by org.testng.reporters.JUnitReportReporter -->
<testsuite hostname="IQZNGLDT007" failures="0" tests="5" name="Own_Pack.Pega_Login" time="40.827" errors="0" timestamp="2021-11-24T17:10:24 IST" skipped="0">
  <testcase classname="Own_Pack.Pega_Login" name="launch_app" time="12.540"/>
  <system-out/>
  <testcase classname="Own_Pack.Pega_Login" name="clicklogin" time="21.892"/>
  <system-out/>
  <testcase classname="Own_Pack.Pega_Login" name="get_title" time="0.086"/>
  <system-out/>
  <testcase classname="Own_Pack.Pega_Login" name="enter_pswd" time="3.087"/>
  <system-out/>
  <testcase classname="Own_Pack.Pega_Login" name="enter_user" time="3.222"/>
  <system-out/>
</testsuite> <!-- Own_Pack.Pega_Login -->
