<?xml version="1.0" encoding="UTF-8"?>
<!-- Generated by org.testng.reporters.JUnitReportReporter -->
<testsuite hostname="IQZNGLDT007" failures="0" tests="10" name="Own_Pack.Pega_Login_Twice_Para" time="58.460" errors="0" timestamp="2021-11-24T21:48:45 IST" skipped="0">
  <testcase classname="Own_Pack.Pega_Login_Twice_Para" name="launch_app" time="6.150"/>
  <system-out/>
  <testcase classname="Own_Pack.Pega_Login_Twice_Para" name="enter_user" time="3.143"/>
  <system-out/>
  <testcase classname="Own_Pack.Pega_Login_Twice_Para" name="enter_pswd" time="3.111"/>
  <system-out/>
  <testcase classname="Own_Pack.Pega_Login_Twice_Para" name="enter_pswd" time="3.118"/>
  <system-out/>
  <testcase classname="Own_Pack.Pega_Login_Twice_Para" name="launch_app" time="5.140"/>
  <system-out/>
  <testcase classname="Own_Pack.Pega_Login_Twice_Para" name="enter_user" time="3.120"/>
  <system-out/>
  <testcase classname="Own_Pack.Pega_Login_Twice_Para" name="clicklogin" time="3.950"/>
  <system-out/>
  <testcase classname="Own_Pack.Pega_Login_Twice_Para" name="clicklogin" time="22.426"/>
  <system-out/>
  <testcase classname="Own_Pack.Pega_Login_Twice_Para" name="get_title" time="8.222"/>
  <system-out/>
  <testcase classname="Own_Pack.Pega_Login_Twice_Para" name="get_title" time="0.080"/>
  <system-out/>
</testsuite> <!-- Own_Pack.Pega_Login_Twice_Para -->
