<?xml version="1.0" encoding="UTF-8"?>
<!-- Generated by org.testng.reporters.JUnitReportReporter -->
<testsuite hostname="IQZNGLDT007" failures="0" tests="2" name="Own_Pack.Assignment2" time="5.457" errors="0" timestamp="2021-12-19T22:51:45 IST" skipped="0">
  <testcase classname="Own_Pack.Assignment2" name="Add_Products" time="5.181"/>
  <system-out/>
  <testcase classname="Own_Pack.Assignment2" name="Validatebuttonname" time="0.276"/>
  <system-out/>
</testsuite> <!-- Own_Pack.Assignment2 -->
