<?xml version="1.0" encoding="UTF-8"?>
<!-- Generated by org.testng.reporters.JUnitReportReporter -->
<testsuite hostname="IQZNGLDT007" failures="0" tests="3" name="Own_Pack.Assignment1" time="1.495" errors="0" timestamp="2021-12-19T19:03:45 IST" skipped="0">
  <testcase classname="Own_Pack.Assignment1" name="Product_Name" time="0.220"/>
  <system-out/>
  <testcase classname="Own_Pack.Assignment1" name="Add_Products" time="0.472"/>
  <system-out/>
  <testcase classname="Own_Pack.Assignment1" name="Product_Price" time="0.803"/>
  <system-out/>
</testsuite> <!-- Own_Pack.Assignment1 -->
