<?xml version="1.0" encoding="UTF-8"?>
<!-- Generated by org.testng.reporters.JUnitReportReporter -->
<testsuite hostname="IQZNGLDT007" failures="0" tests="15" name="Own_Pack.Pega_Login" time="119.132" errors="0" timestamp="2021-11-24T20:43:30 IST" skipped="0">
  <testcase classname="Own_Pack.Pega_Login" name="launch_app" time="9.382"/>
  <system-out/>
  <testcase classname="Own_Pack.Pega_Login" name="clicklogin" time="23.177"/>
  <system-out/>
  <testcase classname="Own_Pack.Pega_Login" name="enter_pswd" time="3.120"/>
  <system-out/>
  <testcase classname="Own_Pack.Pega_Login" name="get_title" time="3.042"/>
  <system-out/>
  <testcase classname="Own_Pack.Pega_Login" name="enter_user" time="3.199"/>
  <system-out/>
  <testcase classname="Own_Pack.Pega_Login" name="enter_user" time="3.111"/>
  <system-out/>
  <testcase classname="Own_Pack.Pega_Login" name="clicklogin" time="16.222"/>
  <system-out/>
  <testcase classname="Own_Pack.Pega_Login" name="get_title" time="3.041"/>
  <system-out/>
  <testcase classname="Own_Pack.Pega_Login" name="launch_app" time="10.644"/>
  <system-out/>
  <testcase classname="Own_Pack.Pega_Login" name="clicklogin" time="22.750"/>
  <system-out/>
  <testcase classname="Own_Pack.Pega_Login" name="enter_user" time="3.192"/>
  <system-out/>
  <testcase classname="Own_Pack.Pega_Login" name="launch_app" time="8.948"/>
  <system-out/>
  <testcase classname="Own_Pack.Pega_Login" name="enter_pswd" time="3.105"/>
  <system-out/>
  <testcase classname="Own_Pack.Pega_Login" name="get_title" time="3.058"/>
  <system-out/>
  <testcase classname="Own_Pack.Pega_Login" name="enter_pswd" time="3.141"/>
  <system-out/>
</testsuite> <!-- Own_Pack.Pega_Login -->
