<?xml version="1.0" encoding="UTF-8"?>
<!-- Generated by org.testng.reporters.JUnitReportReporter -->
<testsuite hostname="IQZNGLDT007" failures="0" tests="6" name="Own_Pack.Pega_Login_Invoca" time="-1637687936.000" errors="2" timestamp="2021-11-23T22:48:42 IST" skipped="3">
  <testcase classname="Own_Pack.Pega_Login_Invoca" name="enter_user" time="0.000">
    <error message="
Cannot inject @Test annotated Method [enter_user] with [int].
For more information on native dependency injection please refer to https://testng.org/doc/documentation-main.html#native-dependency-injection" type="org.testng.TestNGException">
      <![CDATA[org.testng.TestNGException: 
Cannot inject @Test annotated Method [enter_user] with [int].
For more information on native dependency injection please refer to https://testng.org/doc/documentation-main.html#native-dependency-injection
at org.testng.internal.Parameters.checkParameterTypes(Parameters.java:439)
at org.testng.internal.Parameters.createParametersForMethod(Parameters.java:353)
at org.testng.internal.Parameters.createParameters(Parameters.java:708)
at org.testng.internal.Parameters.handleParameters(Parameters.java:884)
at org.testng.internal.Parameters.handleParameters(Parameters.java:740)
at org.testng.internal.ParameterHandler.handleParameters(ParameterHandler.java:59)
at org.testng.internal.ParameterHandler.createParameters(ParameterHandler.java:38)
at org.testng.internal.TestInvoker$MethodInvocationAgent.invoke(TestInvoker.java:791)
at org.testng.internal.TestInvoker.invokeTestMethods(TestInvoker.java:146)
at org.testng.internal.TestMethodWorker.invokeTestMethods(TestMethodWorker.java:146)
at org.testng.internal.TestMethodWorker.run(TestMethodWorker.java:128)
at java.base/java.util.concurrent.ThreadPoolExecutor.runWorker(ThreadPoolExecutor.java:1128)
at java.base/java.util.concurrent.ThreadPoolExecutor$Worker.run(ThreadPoolExecutor.java:628)
at java.base/java.lang.Thread.run(Thread.java:834)
]]>
    </error>
  </testcase> <!-- enter_user -->
  <system-out/>
  <testcase classname="Own_Pack.Pega_Login_Invoca" name="clicklogin" time="0.000">
    <skipped/>
  </testcase> <!-- clicklogin -->
  <system-out/>
  <testcase classname="Own_Pack.Pega_Login_Invoca" name="enter_pswd" time="0.000">
    <skipped/>
  </testcase> <!-- enter_pswd -->
  <system-out/>
  <testcase classname="Own_Pack.Pega_Login_Invoca" name="finish" time="-1637687936.000">
    <error message="
Can inject only one of &lt;ITestContext, XmlTest&gt; into a @AfterClass annotated finish.
For more information on native dependency injection please refer to https://testng.org/doc/documentation-main.html#native-dependency-injection" type="org.testng.TestNGException">
      <![CDATA[org.testng.TestNGException: 
Can inject only one of <ITestContext, XmlTest> into a @AfterClass annotated finish.
For more information on native dependency injection please refer to https://testng.org/doc/documentation-main.html#native-dependency-injection
at org.testng.internal.Parameters.checkParameterTypes(Parameters.java:439)
at org.testng.internal.Parameters.createParametersForMethod(Parameters.java:353)
at org.testng.internal.Parameters.createParameters(Parameters.java:708)
at org.testng.internal.Parameters.createConfigurationParameters(Parameters.java:168)
at org.testng.internal.ConfigInvoker.invokeConfigurations(ConfigInvoker.java:302)
at org.testng.internal.TestMethodWorker.invokeAfterClassMethods(TestMethodWorker.java:217)
at org.testng.internal.TestMethodWorker.run(TestMethodWorker.java:130)
at java.base/java.util.concurrent.ThreadPoolExecutor.runWorker(ThreadPoolExecutor.java:1128)
at java.base/java.util.concurrent.ThreadPoolExecutor$Worker.run(ThreadPoolExecutor.java:628)
at java.base/java.lang.Thread.run(Thread.java:834)
]]>
    </error>
  </testcase> <!-- finish -->
  <system-out/>
  <testcase classname="Own_Pack.Pega_Login_Invoca" name="get_title" time="0.000">
    <skipped/>
  </testcase> <!-- get_title -->
  <system-out/>
  <testcase classname="Own_Pack.Pega_Login_Invoca" name="launch_app" time="8.810"/>
  <system-out/>
</testsuite> <!-- Own_Pack.Pega_Login_Invoca -->
