<?xml version="1.0" encoding="UTF-8"?>
<!-- Generated by org.testng.reporters.JUnitReportReporter -->
<testsuite hostname="IQZNGLDT007" failures="0" tests="3" name="Own_Pack.Assignment3" time="0.482" errors="0" timestamp="2021-12-19T22:52:18 IST" skipped="0">
  <testcase classname="Own_Pack.Assignment3" name="potato" time="0.101"/>
  <system-out/>
  <testcase classname="Own_Pack.Assignment3" name="Top_Deals" time="0.293"/>
  <system-out/>
  <testcase classname="Own_Pack.Assignment3" name="Top_Deals_Page" time="0.088"/>
  <system-out/>
</testsuite> <!-- Own_Pack.Assignment3 -->
