<?xml version="1.0" encoding="UTF-8"?>
<!-- Generated by org.testng.reporters.JUnitReportReporter -->
<testsuite hostname="IQZNGLDT007" failures="0" tests="1" name="Own_Pack.Assignment2" time="1.790" errors="0" timestamp="2021-12-19T20:32:53 IST" skipped="0">
  <testcase classname="Own_Pack.Assignment2" name="Add_Products" time="1.790"/>
  <system-out/>
</testsuite> <!-- Own_Pack.Assignment2 -->
