<?xml version="1.0" encoding="UTF-8"?>
<!-- Generated by org.testng.reporters.JUnitReportReporter -->
<testsuite hostname="IQZNGLDT007" failures="0" tests="5" name="Own_Pack.Pega_Login" time="44.317" errors="0" timestamp="2021-11-23T23:12:39 IST" skipped="0">
  <testcase classname="Own_Pack.Pega_Login" name="enter_pswd" time="3.191"/>
  <system-out/>
  <testcase classname="Own_Pack.Pega_Login" name="get_title" time="3.068"/>
  <system-out/>
  <testcase classname="Own_Pack.Pega_Login" name="enter_user" time="3.315"/>
  <system-out/>
  <testcase classname="Own_Pack.Pega_Login" name="launch_app" time="14.177"/>
  <system-out/>
  <testcase classname="Own_Pack.Pega_Login" name="clicklogin" time="20.566"/>
  <system-out/>
</testsuite> <!-- Own_Pack.Pega_Login -->
