<?xml version="1.0" encoding="UTF-8"?>
<!-- Generated by org.testng.reporters.JUnitReportReporter -->
<testsuite hostname="IQZNGLDT007" failures="0" tests="6" name="Projec1.Cross_Browser_Day1" time="77.773" errors="0" timestamp="2021-11-20T23:27:22 IST" skipped="0">
  <testcase classname="Projec1.Cross_Browser_Day1" name="testgoo" time="12.195"/>
  <system-out/>
  <testcase classname="Projec1.Cross_Browser_Day1" name="testgoo" time="12.709"/>
  <system-out/>
  <testcase classname="Projec1.Cross_Browser_Day1" name="testyah" time="12.338"/>
  <system-out/>
  <testcase classname="Projec1.Cross_Browser_Day1" name="testyah" time="13.236"/>
  <system-out/>
  <testcase classname="Projec1.Cross_Browser_Day1" name="testgoo" time="12.665"/>
  <system-out/>
  <testcase classname="Projec1.Cross_Browser_Day1" name="testyah" time="14.630"/>
  <system-out/>
</testsuite> <!-- Projec1.Cross_Browser_Day1 -->
