<?xml version="1.0" encoding="UTF-8"?>
<!-- Generated by org.testng.reporters.JUnitReportReporter -->
<testsuite hostname="IQZNGLDT007" failures="0" tests="1" name="Projec1.Firef" time="2.703" errors="0" timestamp="2021-11-20T21:36:54 IST" skipped="0">
  <testcase classname="Projec1.Firef" name="lanu" time="2.703"/>
  <system-out/>
</testsuite> <!-- Projec1.Firef -->
