<?xml version="1.0" encoding="UTF-8"?>
<!-- Generated by org.testng.reporters.JUnitReportReporter -->
<testsuite hostname="IQZNGLLT010" failures="0" tests="15" name="Own_Pack.MiniPega" time="118.919" errors="0" timestamp="2022-02-06T16:27:43 IST" skipped="0">
  <testcase classname="Own_Pack.MiniPega" name="launch_app" time="2.115"/>
  <system-out/>
  <testcase classname="Own_Pack.MiniPega" name="launch_app" time="2.387"/>
  <system-out/>
  <testcase classname="Own_Pack.MiniPega" name="clicklogin" time="17.403"/>
  <system-out/>
  <testcase classname="Own_Pack.MiniPega" name="updatelead" time="6.404"/>
  <system-out/>
  <testcase classname="Own_Pack.MiniPega" name="convertlead" time="6.352"/>
  <system-out/>
  <testcase classname="Own_Pack.MiniPega" name="updatelead" time="6.191"/>
  <system-out/>
  <testcase classname="Own_Pack.MiniPega" name="individuallead" time="4.086"/>
  <system-out/>
  <testcase classname="Own_Pack.MiniPega" name="convertlead" time="7.087"/>
  <system-out/>
  <testcase classname="Own_Pack.MiniPega" name="convertlead" time="10.079"/>
  <system-out/>
  <testcase classname="Own_Pack.MiniPega" name="launch_app" time="2.151"/>
  <system-out/>
  <testcase classname="Own_Pack.MiniPega" name="clicklogin" time="20.859"/>
  <system-out/>
  <testcase classname="Own_Pack.MiniPega" name="clicklogin" time="17.781"/>
  <system-out/>
  <testcase classname="Own_Pack.MiniPega" name="individuallead" time="2.213"/>
  <system-out/>
  <testcase classname="Own_Pack.MiniPega" name="individuallead" time="4.956"/>
  <system-out/>
  <testcase classname="Own_Pack.MiniPega" name="updatelead" time="8.855"/>
  <system-out/>
</testsuite> <!-- Own_Pack.MiniPega -->
