<?xml version="1.0" encoding="UTF-8"?>
<!-- Generated by org.testng.reporters.JUnitReportReporter -->
<testsuite hostname="IQZNGLLT010" failures="0" tests="8" name="Own_Pack.Free_Social" time="22.653" errors="0" timestamp="2021-12-13T21:36:38 IST" skipped="0">
  <testcase classname="Own_Pack.Free_Social" name="github" time="1.564"/>
  <system-out/>
  <testcase classname="Own_Pack.Free_Social" name="twitter" time="2.659"/>
  <system-out/>
  <testcase classname="Own_Pack.Free_Social" name="telegram" time="2.126"/>
  <system-out/>
  <testcase classname="Own_Pack.Free_Social" name="youtube" time="2.650"/>
  <system-out/>
  <testcase classname="Own_Pack.Free_Social" name="launch_app" time="2.609"/>
  <system-out/>
  <testcase classname="Own_Pack.Free_Social" name="medium" time="4.145"/>
  <system-out/>
  <testcase classname="Own_Pack.Free_Social" name="linkedin" time="1.454"/>
  <system-out/>
  <testcase classname="Own_Pack.Free_Social" name="facebook" time="5.446"/>
  <system-out/>
</testsuite> <!-- Own_Pack.Free_Social -->
