<?xml version="1.0" encoding="UTF-8"?>
<!-- Generated by org.testng.reporters.JUnitReportReporter -->
<testsuite hostname="IQZNGLDT007" failures="0" tests="5" name="Own_Pack.Pega_Login_Explicit" time="19.024" errors="0" timestamp="2021-11-26T21:26:57 IST" skipped="0">
  <testcase classname="Own_Pack.Pega_Login_Explicit" name="launch_app" time="2.969"/>
  <system-out/>
  <testcase classname="Own_Pack.Pega_Login_Explicit" name="clicklogin" time="15.762"/>
  <system-out/>
  <testcase classname="Own_Pack.Pega_Login_Explicit" name="enter_user" time="0.153"/>
  <system-out/>
  <testcase classname="Own_Pack.Pega_Login_Explicit" name="get_title" time="0.017"/>
  <system-out/>
  <testcase classname="Own_Pack.Pega_Login_Explicit" name="enter_pswd" time="0.123"/>
  <system-out/>
</testsuite> <!-- Own_Pack.Pega_Login_Explicit -->
