<?xml version="1.0" encoding="UTF-8"?>
<!-- Generated by org.testng.reporters.JUnitReportReporter -->
<testsuite hostname="IQZNGLDT007" failures="0" tests="10" name="Own_Pack.Pega_Login_Invoca" time="121.516" errors="0" timestamp="2021-11-23T23:58:17 IST" skipped="0">
  <testcase classname="Own_Pack.Pega_Login_Invoca" name="clicklogin" time="3.822"/>
  <system-out/>
  <testcase classname="Own_Pack.Pega_Login_Invoca" name="launch_app" time="4.974"/>
  <system-out/>
  <testcase classname="Own_Pack.Pega_Login_Invoca" name="get_title" time="3.024"/>
  <system-out/>
  <testcase classname="Own_Pack.Pega_Login_Invoca" name="clicklogin" time="89.284"/>
  <system-out/>
  <testcase classname="Own_Pack.Pega_Login_Invoca" name="enter_user" time="3.120"/>
  <system-out/>
  <testcase classname="Own_Pack.Pega_Login_Invoca" name="enter_pswd" time="3.097"/>
  <system-out/>
  <testcase classname="Own_Pack.Pega_Login_Invoca" name="get_title" time="3.036"/>
  <system-out/>
  <testcase classname="Own_Pack.Pega_Login_Invoca" name="enter_user" time="3.086"/>
  <system-out/>
  <testcase classname="Own_Pack.Pega_Login_Invoca" name="enter_pswd" time="3.118"/>
  <system-out/>
  <testcase classname="Own_Pack.Pega_Login_Invoca" name="launch_app" time="4.955"/>
  <system-out/>
</testsuite> <!-- Own_Pack.Pega_Login_Invoca -->
